<?xml version="1.0" encoding="UTF-8"?>
<testng-results ignored="1" total="6" passed="5" failed="0" skipped="0">
  <reporter-output>
  </reporter-output>
  <suite started-at="2022-04-27T16:12:27 AEST" name="All Test Suite" finished-at="2022-04-27T16:12:51 AEST" duration-ms="24065">
    <groups>
    </groups>
    <test started-at="2022-04-27T16:12:27 AEST" name="C:/Selenium Projects/MultiThreader/src/test/java/test/PageTestWithExcel.java" finished-at="2022-04-27T16:12:51 AEST" duration-ms="24065">
      <class name="test.LoginTest">
        <test-method is-config="true" signature="intialise()[pri:0, instance:test.LoginTest@37918c79]" started-at="2022-04-27T16:12:27 AEST" name="intialise" finished-at="2022-04-27T16:12:27 AEST" duration-ms="10" status="PASS">
          <reporter-output>
          </reporter-output>
        </test-method> <!-- intialise -->
        <test-method is-config="true" signature="setUpBrowser()[pri:0, instance:test.LoginTest@37918c79]" started-at="2022-04-27T16:12:27 AEST" name="setUpBrowser" finished-at="2022-04-27T16:12:34 AEST" duration-ms="6478" status="PASS">
          <reporter-output>
          </reporter-output>
        </test-method> <!-- setUpBrowser -->
        <test-method is-config="true" signature="setUpBrowser()[pri:0, instance:test.LoginTest@37918c79]" started-at="2022-04-27T16:12:27 AEST" name="setUpBrowser" finished-at="2022-04-27T16:12:33 AEST" duration-ms="6391" status="PASS">
          <reporter-output>
          </reporter-output>
        </test-method> <!-- setUpBrowser -->
        <test-method is-config="true" signature="setUpBrowser()[pri:0, instance:test.LoginTest@37918c79]" started-at="2022-04-27T16:12:27 AEST" name="setUpBrowser" finished-at="2022-04-27T16:12:33 AEST" duration-ms="6394" status="PASS">
          <reporter-output>
          </reporter-output>
        </test-method> <!-- setUpBrowser -->
        <test-method signature="login_lockedOutUser()[pri:0, instance:test.LoginTest@37918c79]" started-at="2022-04-27T16:12:33 AEST" name="login_lockedOutUser" finished-at="2022-04-27T16:12:38 AEST" duration-ms="4100" status="PASS">
          <reporter-output>
          </reporter-output>
        </test-method> <!-- login_lockedOutUser -->
        <test-method signature="login_performanceGlitchUser()[pri:0, instance:test.LoginTest@37918c79]" started-at="2022-04-27T16:12:33 AEST" name="login_performanceGlitchUser" finished-at="2022-04-27T16:12:46 AEST" duration-ms="12308" status="PASS">
          <reporter-output>
          </reporter-output>
        </test-method> <!-- login_performanceGlitchUser -->
        <test-method signature="login_problem_user()[pri:0, instance:test.LoginTest@37918c79]" started-at="2022-04-27T16:12:34 AEST" name="login_problem_user" finished-at="2022-04-27T16:12:38 AEST" duration-ms="4160" status="PASS">
          <reporter-output>
          </reporter-output>
        </test-method> <!-- login_problem_user -->
        <test-method is-config="true" signature="closeBrowser()[pri:0, instance:test.LoginTest@37918c79]" started-at="2022-04-27T16:12:38 AEST" name="closeBrowser" finished-at="2022-04-27T16:12:40 AEST" duration-ms="2706" status="PASS">
          <reporter-output>
          </reporter-output>
        </test-method> <!-- closeBrowser -->
        <test-method is-config="true" signature="closeBrowser()[pri:0, instance:test.LoginTest@37918c79]" started-at="2022-04-27T16:12:38 AEST" name="closeBrowser" finished-at="2022-04-27T16:12:39 AEST" duration-ms="1297" status="PASS">
          <reporter-output>
          </reporter-output>
        </test-method> <!-- closeBrowser -->
        <test-method is-config="true" signature="setUpBrowser()[pri:0, instance:test.LoginTest@37918c79]" started-at="2022-04-27T16:12:39 AEST" name="setUpBrowser" finished-at="2022-04-27T16:12:43 AEST" duration-ms="3956" status="PASS">
          <reporter-output>
          </reporter-output>
        </test-method> <!-- setUpBrowser -->
        <test-method is-config="true" signature="setUpBrowser()[pri:0, instance:test.LoginTest@37918c79]" started-at="2022-04-27T16:12:40 AEST" name="setUpBrowser" finished-at="2022-04-27T16:12:46 AEST" duration-ms="5854" status="PASS">
          <reporter-output>
          </reporter-output>
        </test-method> <!-- setUpBrowser -->
        <test-method signature="login_standardUser()[pri:0, instance:test.LoginTest@37918c79]" started-at="2022-04-27T16:12:43 AEST" name="login_standardUser" finished-at="2022-04-27T16:12:49 AEST" duration-ms="6181" status="PASS">
          <reporter-output>
          </reporter-output>
        </test-method> <!-- login_standardUser -->
        <test-method is-config="true" signature="closeBrowser()[pri:0, instance:test.LoginTest@37918c79]" started-at="2022-04-27T16:12:46 AEST" name="closeBrowser" finished-at="2022-04-27T16:12:51 AEST" duration-ms="5066" status="PASS">
          <reporter-output>
          </reporter-output>
        </test-method> <!-- closeBrowser -->
        <test-method signature="login_validUser()[pri:0, instance:test.LoginTest@37918c79]" started-at="2022-04-27T16:12:46 AEST" name="login_validUser" finished-at="2022-04-27T16:12:50 AEST" duration-ms="3482" status="PASS">
          <reporter-output>
          </reporter-output>
        </test-method> <!-- login_validUser -->
        <test-method is-config="true" signature="closeBrowser()[pri:0, instance:test.LoginTest@37918c79]" started-at="2022-04-27T16:12:49 AEST" name="closeBrowser" finished-at="2022-04-27T16:12:51 AEST" duration-ms="1924" status="PASS">
          <reporter-output>
          </reporter-output>
        </test-method> <!-- closeBrowser -->
        <test-method is-config="true" signature="closeBrowser()[pri:0, instance:test.LoginTest@37918c79]" started-at="2022-04-27T16:12:50 AEST" name="closeBrowser" finished-at="2022-04-27T16:12:51 AEST" duration-ms="1490" status="PASS">
          <reporter-output>
          </reporter-output>
        </test-method> <!-- closeBrowser -->
      </class> <!-- test.LoginTest -->
    </test> <!-- C:/Selenium Projects/MultiThreader/src/test/java/test/PageTestWithExcel.java -->
  </suite> <!-- All Test Suite -->
</testng-results>
